\BOOKMARK [0][-]{PDFPortadaPage.0}{Portada}{}% 1
\BOOKMARK [0][-]{PDFAutorizacionPage.0}{Autorizaci\363n}{}% 2
\BOOKMARK [0][-]{PDFResumenPage.0}{Resumen}{}% 3
\BOOKMARK [0][-]{PDFAbstractPage.0}{Abstract}{}% 4
\BOOKMARK [0][-]{section*.1}{\315ndice}{}% 5
\BOOKMARK [0][-]{chapter*.3}{Índice de figuras}{}% 6
\BOOKMARK [0][-]{chapter*.4}{Índice de tablas}{}% 7
\BOOKMARK [0][-]{chapter.1}{Introducci\363n}{}% 8
\BOOKMARK [1][-]{section.1.1}{Motivaci\363n}{chapter.1}% 9
\BOOKMARK [1][-]{section.1.2}{Objetivos}{chapter.1}% 10
\BOOKMARK [1][-]{section.1.3}{Plan de trabajo}{chapter.1}% 11
\BOOKMARK [1][-]{section.1.4}{Estructura de la memoria}{chapter.1}% 12
\BOOKMARK [0][-]{chapter.2}{OpenGL y Direct3D}{}% 13
\BOOKMARK [1][-]{section.2.1}{\277Qu\351 es?}{chapter.2}% 14
\BOOKMARK [1][-]{section.2.2}{Breve historia de OpenGL}{chapter.2}% 15
\BOOKMARK [1][-]{section.2.3}{Dise\361o de OpenGL}{chapter.2}% 16
\BOOKMARK [2][-]{subsection.2.3.1}{Primitivas de Puntos}{section.2.3}% 17
\BOOKMARK [2][-]{subsection.2.3.2}{Primitivas de L\355nea}{section.2.3}% 18
\BOOKMARK [2][-]{subsection.2.3.3}{Primitivas de Tri\341ngulo}{section.2.3}% 19
\BOOKMARK [2][-]{subsection.2.3.4}{Procesamiento de V\351rtices}{section.2.3}% 20
\BOOKMARK [2][-]{subsection.2.3.5}{Clipping}{section.2.3}% 21
\BOOKMARK [2][-]{subsection.2.3.6}{Rasterizaci\363n}{section.2.3}% 22
\BOOKMARK [2][-]{subsection.2.3.7}{Procesamiento de Fragmentos}{section.2.3}% 23
\BOOKMARK [1][-]{section.2.4}{Diferencias con Direct3D}{chapter.2}% 24
\BOOKMARK [0][-]{chapter.3}{Shaders Gr\341ficos}{}% 25
\BOOKMARK [1][-]{section.3.1}{Vertex Shader}{chapter.3}% 26
\BOOKMARK [1][-]{section.3.2}{Tessellation Shaders}{chapter.3}% 27
\BOOKMARK [2][-]{subsection.3.2.1}{Tessellation Control Shader}{section.3.2}% 28
\BOOKMARK [2][-]{subsection.3.2.2}{Generador de primitivas de teselaci\363n}{section.3.2}% 29
\BOOKMARK [2][-]{subsection.3.2.3}{Tessellation Evaluation Shader}{section.3.2}% 30
\BOOKMARK [1][-]{section.3.3}{Geometry Shader}{chapter.3}% 31
\BOOKMARK [1][-]{section.3.4}{Fragment Shader}{chapter.3}% 32
\BOOKMARK [0][-]{chapter.4}{Visualizaci\363n Cient\355fica}{}% 33
\BOOKMARK [1][-]{section.4.1}{Manipulaci\363n de im\341genes}{chapter.4}% 34
\BOOKMARK [1][-]{section.4.2}{Curvas y superficies de B\351zier}{chapter.4}% 35
\BOOKMARK [1][-]{section.4.3}{Visualizaci\363n de datos en 3D}{chapter.4}% 36
\BOOKMARK [1][-]{section.4.4}{Superficies de revoluci\363n}{chapter.4}% 37
\BOOKMARK [1][-]{section.4.5}{Coloreado de terrenos}{chapter.4}% 38
\BOOKMARK [1][-]{section.4.6}{Line Integral Convolution}{chapter.4}% 39
\BOOKMARK [2][-]{subsection.4.6.1}{Computar la l\355nea de flujo}{section.4.6}% 40
\BOOKMARK [2][-]{subsection.4.6.2}{Computar los pesos de convoluci\363n}{section.4.6}% 41
\BOOKMARK [2][-]{subsection.4.6.3}{Computar los valores de salida del pixel}{section.4.6}% 42
\BOOKMARK [0][-]{chapter.5}{Aplicaci\363n desarrollada}{}% 43
\BOOKMARK [1][-]{section.5.1}{Plan de desarrollo}{chapter.5}% 44
\BOOKMARK [1][-]{section.5.2}{Herramientas de desarrollo}{chapter.5}% 45
\BOOKMARK [1][-]{section.5.3}{Dise\361o de la aplicaci\363n}{chapter.5}% 46
\BOOKMARK [1][-]{section.5.4}{Matem\341ticas necesarias}{chapter.5}% 47
\BOOKMARK [2][-]{subsection.5.4.1}{Transformaciones matriciales}{section.5.4}% 48
\BOOKMARK [2][-]{subsection.5.4.2}{\301ngulos de Euler y Cuaterniones}{section.5.4}% 49
\BOOKMARK [2][-]{subsection.5.4.3}{M\351todos Num\351ricos para la resoluci\363n de Ecuaciones Diferenciales}{section.5.4}% 50
\BOOKMARK [2][-]{subsection.5.4.4}{Otras F\363rmulas}{section.5.4}% 51
\BOOKMARK [1][-]{section.5.5}{Shaders en la aplicaci\363n}{chapter.5}% 52
\BOOKMARK [2][-]{subsection.5.5.1}{Coloreado de terrenos}{section.5.5}% 53
\BOOKMARK [2][-]{subsection.5.5.2}{Curvas de B\351zier}{section.5.5}% 54
\BOOKMARK [2][-]{subsection.5.5.3}{Superficies de B\351zier}{section.5.5}% 55
\BOOKMARK [2][-]{subsection.5.5.4}{S\363lidos de revoluci\363n}{section.5.5}% 56
\BOOKMARK [2][-]{subsection.5.5.5}{Nube de puntos}{section.5.5}% 57
\BOOKMARK [2][-]{subsection.5.5.6}{Negativo de una imagen}{section.5.5}% 58
\BOOKMARK [2][-]{subsection.5.5.7}{Detecci\363n de bordes}{section.5.5}% 59
\BOOKMARK [2][-]{subsection.5.5.8}{Line Integral Convolution}{section.5.5}% 60
\BOOKMARK [0][-]{chapter.6}{Conclusiones y Trabajo Futuro}{}% 61
\BOOKMARK [0][-]{chapter*.27}{Bibliography}{}% 62
\BOOKMARK [0][-]{appendix.Alph1}{El lenguaje GLSL}{}% 63
